gyp http GET http://nodejs.org/dist/v0.11.3/node-v0.11.3.tar.gz
gyp http 200 http://nodejs.org/dist/v0.11.3/node-v0.11.3.tar.gz
../ext/bson.cc: In static member function 'static void BSON::Initialize(v8::Handle<v8::Object>)':
../ext/bson.cc:644:73: error: no matching function for call to 'SetPrototypeMethod(v8::Local<v8::FunctionTemplate>&, const char [20], void (&)(const v8::FunctionCallbackInfo<v8::Value>&))'
../ext/bson.cc:644:73: note: candidate is:
/home/pi/.node-gyp/0.11.3/src/node.h:121:6: note: template<class target_t> void node::SetPrototypeMethod(target_t, const char*, v8::InvocationCallback)
../ext/bson.cc:645:57: error: no matching function for call to 'SetPrototypeMethod(v8::Local<v8::FunctionTemplate>&, const char [10], void (&)(const v8::FunctionCallbackInfo<v8::Value>&))'
../ext/bson.cc:645:57: note: candidate is:
/home/pi/.node-gyp/0.11.3/src/node.h:121:6: note: template<class target_t> void node::SetPrototypeMethod(target_t, const char*, v8::InvocationCallback)
../ext/bson.cc:646:89: error: no matching function for call to 'SetPrototypeMethod(v8::Local<v8::FunctionTemplate>&, const char [28], void (&)(const v8::FunctionCallbackInfo<v8::Value>&))'
../ext/bson.cc:646:89: note: candidate is:
/home/pi/.node-gyp/0.11.3/src/node.h:121:6: note: template<class target_t> void node::SetPrototypeMethod(target_t, const char*, v8::InvocationCallback)
../ext/bson.cc:647:61: error: no matching function for call to 'SetPrototypeMethod(v8::Local<v8::FunctionTemplate>&, const char [12], void (&)(const v8::FunctionCallbackInfo<v8::Value>&))'
../ext/bson.cc:647:61: note: candidate is:
/home/pi/.node-gyp/0.11.3/src/node.h:121:6: note: template<class target_t> void node::SetPrototypeMethod(target_t, const char*, v8::InvocationCallback)
../ext/bson.cc:648:73: error: no matching function for call to 'SetPrototypeMethod(v8::Local<v8::FunctionTemplate>&, const char [18], void (&)(const v8::FunctionCallbackInfo<v8::Value>&))'
../ext/bson.cc:648:73: note: candidate is:
/home/pi/.node-gyp/0.11.3/src/node.h:121:6: note: template<class target_t> void node::SetPrototypeMethod(target_t, const char*, v8::InvocationCallback)
make: *** [Release/obj.target/bson/ext/bson.o] Error 1
gyp ERR! build error 
gyp ERR! stack Error: `make` failed with exit code: 2
gyp ERR! stack     at ChildProcess.onExit (/opt/node/lib/node_modules/npm/node_modules/node-gyp/lib/build.js:267:23)
gyp ERR! stack     at ChildProcess.EventEmitter.emit (events.js:103:17)
gyp ERR! stack     at Process.ChildProcess._handle.onexit (child_process.js:789:12)
gyp ERR! System Linux 3.10.25+
gyp ERR! command "node" "/opt/node/lib/node_modules/npm/node_modules/node-gyp/bin/node-gyp.js" "rebuild"
gyp ERR! cwd /home/pi/homere/pfe/projects/node/service-discovery/node_modules/mongodb/node_modules/bson
gyp ERR! node -v v0.11.3
gyp ERR! node-gyp -v v0.9.6
gyp ERR! not ok 
